[main 54819da] add filter paragraph files with valid refs
 760 files changed, 10599 insertions(+)
 create mode 100644 filter_paragraph_files_v2/a-13676851.md
 create mode 100644 filter_paragraph_files_v2/a-16760422.md
 create mode 100644 filter_paragraph_files_v2/a-18227205.md
 create mode 100644 filter_paragraph_files_v2/a-189963181.md
 create mode 100644 filter_paragraph_files_v2/a-202676686.md
 create mode 100644 filter_paragraph_files_v2/a-219757988.md
 create mode 100644 filter_paragraph_files_v2/a-219766773.md
 create mode 100644 filter_paragraph_files_v2/a-225632436.md
 create mode 100644 filter_paragraph_files_v2/a-232086481.md
 create mode 100644 filter_paragraph_files_v2/a-233652955.md
 create mode 100644 filter_paragraph_files_v2/a-234465714.md
 create mode 100644 filter_paragraph_files_v2/a-234864496.md
 create mode 100644 filter_paragraph_files_v2/a-235725082.md
 create mode 100644 filter_paragraph_files_v2/a-237861874.md
 create mode 100644 filter_paragraph_files_v2/a-239649246.md
 create mode 100644 filter_paragraph_files_v2/a-245882693.md
 create mode 100644 filter_paragraph_files_v2/a-247113387.md
 create mode 100644 filter_paragraph_files_v2/a-248366406.md
 create mode 100644 filter_paragraph_files_v2/a-249709872.md
 create mode 100644 filter_paragraph_files_v2/a-254247979.md
 create mode 100644 filter_paragraph_files_v2/a-257231260.md
 create mode 100644 filter_paragraph_files_v2/a-257252976.md
 create mode 100644 filter_paragraph_files_v2/a-257551757.md
 create mode 100644 filter_paragraph_files_v2/a-258619536.md
 create mode 100644 filter_paragraph_files_v2/a-258823036.md
 create mode 100644 filter_paragraph_files_v2/a-260035251.md
 create mode 100644 filter_paragraph_files_v2/a-261413770.md
 create mode 100644 filter_paragraph_files_v2/a-261926555.md
 create mode 100644 filter_paragraph_files_v2/a-58600560.md
 create mode 100644 filter_paragraph_files_v2/a-59141480.md
 create mode 100644 filter_paragraph_files_v2/a-6793632.md
 create mode 100644 filter_paragraph_files_v2/a-9478023.md
 create mode 100644 filter_paragraph_files_v2/z-10137425.md
 create mode 100644 filter_paragraph_files_v2/z-10149534.md
 create mode 100644 filter_paragraph_files_v2/z-10266875.md
 create mode 100644 filter_paragraph_files_v2/z-10549497.md
 create mode 100644 filter_paragraph_files_v2/z-10560276.md
 create mode 100644 filter_paragraph_files_v2/z-10808582.md
 create mode 100644 filter_paragraph_files_v2/z-11101197.md
 create mode 100644 filter_paragraph_files_v2/z-11418513.md
 create mode 100644 filter_paragraph_files_v2/z-114655892.md
 create mode 100644 filter_paragraph_files_v2/z-11591301.md
 create mode 100644 filter_paragraph_files_v2/z-116544173.md
 create mode 100644 filter_paragraph_files_v2/z-11786999.md
 create mode 100644 filter_paragraph_files_v2/z-118087122.md
 create mode 100644 filter_paragraph_files_v2/z-118701577.md
 create mode 100644 filter_paragraph_files_v2/z-119030467.md
 create mode 100644 filter_paragraph_files_v2/z-119134573.md
 create mode 100644 filter_paragraph_files_v2/z-119266179.md
 create mode 100644 filter_paragraph_files_v2/z-119524369.md
 create mode 100644 filter_paragraph_files_v2/z-119533555.md
 create mode 100644 filter_paragraph_files_v2/z-120188312.md
 create mode 100644 filter_paragraph_files_v2/z-12028298.md
 create mode 100644 filter_paragraph_files_v2/z-12088146.md
 create mode 100644 filter_paragraph_files_v2/z-126265733.md
 create mode 100644 filter_paragraph_files_v2/z-128358546.md
 create mode 100644 filter_paragraph_files_v2/z-128359346.md
 create mode 100644 filter_paragraph_files_v2/z-12970117.md
 create mode 100644 filter_paragraph_files_v2/z-13146671.md
 create mode 100644 filter_paragraph_files_v2/z-131951802.md
 create mode 100644 filter_paragraph_files_v2/z-1343358.md
 create mode 100644 filter_paragraph_files_v2/z-135382379.md
 create mode 100644 filter_paragraph_files_v2/z-1360305.md
 create mode 100644 filter_paragraph_files_v2/z-13676851.md
 create mode 100644 filter_paragraph_files_v2/z-139106022.md
 create mode 100644 filter_paragraph_files_v2/z-139438036.md
 create mode 100644 filter_paragraph_files_v2/z-1454053.md
 create mode 100644 filter_paragraph_files_v2/z-14542562.md
 create mode 100644 filter_paragraph_files_v2/z-1458402.md
 create mode 100644 filter_paragraph_files_v2/z-148571692.md
 create mode 100644 filter_paragraph_files_v2/z-14919998.md
 create mode 100644 filter_paragraph_files_v2/z-150066332.md
 create mode 100644 filter_paragraph_files_v2/z-150550375.md
 create mode 100644 filter_paragraph_files_v2/z-15058445.md
 create mode 100644 filter_paragraph_files_v2/z-15073289.md
 create mode 100644 filter_paragraph_files_v2/z-157976762.md
 create mode 100644 filter_paragraph_files_v2/z-158128117.md
 create mode 100644 filter_paragraph_files_v2/z-159368718.md
 create mode 100644 filter_paragraph_files_v2/z-159469.md
 create mode 100644 filter_paragraph_files_v2/z-16208822.md
 create mode 100644 filter_paragraph_files_v2/z-16331789.md
 create mode 100644 filter_paragraph_files_v2/z-16450005.md
 create mode 100644 filter_paragraph_files_v2/z-16735617.md
 create mode 100644 filter_paragraph_files_v2/z-16760422.md
 create mode 100644 filter_paragraph_files_v2/z-16829929.md
 create mode 100644 filter_paragraph_files_v2/z-1687471.md
 create mode 100644 filter_paragraph_files_v2/z-168956.md
 create mode 100644 filter_paragraph_files_v2/z-170078919.md
 create mode 100644 filter_paragraph_files_v2/z-1710343.md
 create mode 100644 filter_paragraph_files_v2/z-174814428.md
 create mode 100644 filter_paragraph_files_v2/z-17716942.md
 create mode 100644 filter_paragraph_files_v2/z-18059443.md
 create mode 100644 filter_paragraph_files_v2/z-181562553.md
 create mode 100644 filter_paragraph_files_v2/z-18164826.md
 create mode 100644 filter_paragraph_files_v2/z-18227205.md
 create mode 100644 filter_paragraph_files_v2/z-18305778.md
 create mode 100644 filter_paragraph_files_v2/z-186206569.md
 create mode 100644 filter_paragraph_files_v2/z-189762178.md
 create mode 100644 filter_paragraph_files_v2/z-189963181.md
 create mode 100644 filter_paragraph_files_v2/z-195316636.md
 create mode 100644 filter_paragraph_files_v2/z-195516596.md
 create mode 100644 filter_paragraph_files_v2/z-197935335.md
 create mode 100644 filter_paragraph_files_v2/z-198191981.md
 create mode 100644 filter_paragraph_files_v2/z-198967727.md
 create mode 100644 filter_paragraph_files_v2/z-198980764.md
 create mode 100644 filter_paragraph_files_v2/z-199087607.md
 create mode 100644 filter_paragraph_files_v2/z-201185249.md
 create mode 100644 filter_paragraph_files_v2/z-201646191.md
 create mode 100644 filter_paragraph_files_v2/z-202561030.md
 create mode 100644 filter_paragraph_files_v2/z-202676686.md
 create mode 100644 filter_paragraph_files_v2/z-203923530.md
 create mode 100644 filter_paragraph_files_v2/z-204372031.md
 create mode 100644 filter_paragraph_files_v2/z-204626888.md
 create mode 100644 filter_paragraph_files_v2/z-204801117.md
 create mode 100644 filter_paragraph_files_v2/z-207933412.md
 create mode 100644 filter_paragraph_files_v2/z-207984649.md
 create mode 100644 filter_paragraph_files_v2/z-208202112.md
 create mode 100644 filter_paragraph_files_v2/z-208211463.md
 create mode 100644 filter_paragraph_files_v2/z-208267895.md
 create mode 100644 filter_paragraph_files_v2/z-208268127.md
 create mode 100644 filter_paragraph_files_v2/z-209202519.md
 create mode 100644 filter_paragraph_files_v2/z-209276482.md
 create mode 100644 filter_paragraph_files_v2/z-209284473.md
 create mode 100644 filter_paragraph_files_v2/z-209516328.md
 create mode 100644 filter_paragraph_files_v2/z-209516527.md
 create mode 100644 filter_paragraph_files_v2/z-210333448.md
 create mode 100644 filter_paragraph_files_v2/z-210758736.md
 create mode 100644 filter_paragraph_files_v2/z-210839434.md
 create mode 100644 filter_paragraph_files_v2/z-210947584.md
 create mode 100644 filter_paragraph_files_v2/z-211085727.md
 create mode 100644 filter_paragraph_files_v2/z-211087417.md
 create mode 100644 filter_paragraph_files_v2/z-211212834.md
 create mode 100644 filter_paragraph_files_v2/z-211473611.md
 create mode 100644 filter_paragraph_files_v2/z-211564438.md
 create mode 100644 filter_paragraph_files_v2/z-211831309.md
 create mode 100644 filter_paragraph_files_v2/z-212633493.md
 create mode 100644 filter_paragraph_files_v2/z-212634030.md
 create mode 100644 filter_paragraph_files_v2/z-212651201.md
 create mode 100644 filter_paragraph_files_v2/z-212657759.md
 create mode 100644 filter_paragraph_files_v2/z-212738428.md
 create mode 100644 filter_paragraph_files_v2/z-213215533.md
 create mode 100644 filter_paragraph_files_v2/z-213749832.md
 create mode 100644 filter_paragraph_files_v2/z-213932272.md
 create mode 100644 filter_paragraph_files_v2/z-214099556.md
 create mode 100644 filter_paragraph_files_v2/z-21418.md
 create mode 100644 filter_paragraph_files_v2/z-214421056.md
 create mode 100644 filter_paragraph_files_v2/z-214645054.md
 create mode 100644 filter_paragraph_files_v2/z-214743520.md
 create mode 100644 filter_paragraph_files_v2/z-215719044.md
 create mode 100644 filter_paragraph_files_v2/z-21657275.md
 create mode 100644 filter_paragraph_files_v2/z-216858829.md
 create mode 100644 filter_paragraph_files_v2/z-218679058.md
 create mode 100644 filter_paragraph_files_v2/z-218986416.md
 create mode 100644 filter_paragraph_files_v2/z-219057069.md
 create mode 100644 filter_paragraph_files_v2/z-219171683.md
 create mode 100644 filter_paragraph_files_v2/z-219179714.md
 create mode 100644 filter_paragraph_files_v2/z-219284372.md
 create mode 100644 filter_paragraph_files_v2/z-219441455.md
 create mode 100644 filter_paragraph_files_v2/z-21966883.md
 create mode 100644 filter_paragraph_files_v2/z-219675311.md
 create mode 100644 filter_paragraph_files_v2/z-219757988.md
 create mode 100644 filter_paragraph_files_v2/z-219766773.md
 create mode 100644 filter_paragraph_files_v2/z-219799832.md
 create mode 100644 filter_paragraph_files_v2/z-220302678.md
 create mode 100644 filter_paragraph_files_v2/z-220403353.md
 create mode 100644 filter_paragraph_files_v2/z-220666010.md
 create mode 100644 filter_paragraph_files_v2/z-220714281.md
 create mode 100644 filter_paragraph_files_v2/z-220836721.md
 create mode 100644 filter_paragraph_files_v2/z-220839965.md
 create mode 100644 filter_paragraph_files_v2/z-220944385.md
 create mode 100644 filter_paragraph_files_v2/z-220961685.md
 create mode 100644 filter_paragraph_files_v2/z-221306266.md
 create mode 100644 filter_paragraph_files_v2/z-221321250.md
 create mode 100644 filter_paragraph_files_v2/z-221360613.md
 create mode 100644 filter_paragraph_files_v2/z-221507674.md
 create mode 100644 filter_paragraph_files_v2/z-221770997.md
 create mode 100644 filter_paragraph_files_v2/z-221886488.md
 create mode 100644 filter_paragraph_files_v2/z-221969961.md
 create mode 100644 filter_paragraph_files_v2/z-222184086.md
 create mode 100644 filter_paragraph_files_v2/z-22221174.md
 create mode 100644 filter_paragraph_files_v2/z-222412713.md
 create mode 100644 filter_paragraph_files_v2/z-222820671.md
 create mode 100644 filter_paragraph_files_v2/z-224828398.md
 create mode 100644 filter_paragraph_files_v2/z-224846307.md
 create mode 100644 filter_paragraph_files_v2/z-224881288.md
 create mode 100644 filter_paragraph_files_v2/z-224928544.md
 create mode 100644 filter_paragraph_files_v2/z-225040516.md
 create mode 100644 filter_paragraph_files_v2/z-225135261.md
 create mode 100644 filter_paragraph_files_v2/z-225403700.md
 create mode 100644 filter_paragraph_files_v2/z-225462413.md
 create mode 100644 filter_paragraph_files_v2/z-225567889.md
 create mode 100644 filter_paragraph_files_v2/z-225632436.md
 create mode 100644 filter_paragraph_files_v2/z-225694885.md
 create mode 100644 filter_paragraph_files_v2/z-225772279.md
 create mode 100644 filter_paragraph_files_v2/z-226227182.md
 create mode 100644 filter_paragraph_files_v2/z-226246346.md
 create mode 100644 filter_paragraph_files_v2/z-226254694.md
 create mode 100644 filter_paragraph_files_v2/z-226296054.md
 create mode 100644 filter_paragraph_files_v2/z-226304320.md
 create mode 100644 filter_paragraph_files_v2/z-226419872.md
 create mode 100644 filter_paragraph_files_v2/z-226714299.md
 create mode 100644 filter_paragraph_files_v2/z-226853942.md
 create mode 100644 filter_paragraph_files_v2/z-227053929.md
 create mode 100644 filter_paragraph_files_v2/z-227126654.md
 create mode 100644 filter_paragraph_files_v2/z-228187823.md
 create mode 100644 filter_paragraph_files_v2/z-228840305.md
 create mode 100644 filter_paragraph_files_v2/z-228856936.md
 create mode 100644 filter_paragraph_files_v2/z-228973335.md
 create mode 100644 filter_paragraph_files_v2/z-229051569.md
 create mode 100644 filter_paragraph_files_v2/z-229173162.md
 create mode 100644 filter_paragraph_files_v2/z-229332327.md
 create mode 100644 filter_paragraph_files_v2/z-229332952.md
 create mode 100644 filter_paragraph_files_v2/z-229349493.md
 create mode 100644 filter_paragraph_files_v2/z-229405284.md
 create mode 100644 filter_paragraph_files_v2/z-229528266.md
 create mode 100644 filter_paragraph_files_v2/z-229535897.md
 create mode 100644 filter_paragraph_files_v2/z-230567578.md
 create mode 100644 filter_paragraph_files_v2/z-230569744.md
 create mode 100644 filter_paragraph_files_v2/z-230572342.md
 create mode 100644 filter_paragraph_files_v2/z-230596690.md
 create mode 100644 filter_paragraph_files_v2/z-230666389.md
 create mode 100644 filter_paragraph_files_v2/z-230725372.md
 create mode 100644 filter_paragraph_files_v2/z-231610946.md
 create mode 100644 filter_paragraph_files_v2/z-231709807.md
 create mode 100644 filter_paragraph_files_v2/z-231722048.md
 create mode 100644 filter_paragraph_files_v2/z-231765187.md
 create mode 100644 filter_paragraph_files_v2/z-231840202.md
 create mode 100644 filter_paragraph_files_v2/z-231925325.md
 create mode 100644 filter_paragraph_files_v2/z-232075945.md
 create mode 100644 filter_paragraph_files_v2/z-232086481.md
 create mode 100644 filter_paragraph_files_v2/z-232224991.md
 create mode 100644 filter_paragraph_files_v2/z-232232828.md
 create mode 100644 filter_paragraph_files_v2/z-232257754.md
 create mode 100644 filter_paragraph_files_v2/z-232307782.md
 create mode 100644 filter_paragraph_files_v2/z-232358450.md
 create mode 100644 filter_paragraph_files_v2/z-232770549.md
 create mode 100644 filter_paragraph_files_v2/z-232895648.md
 create mode 100644 filter_paragraph_files_v2/z-233034445.md
 create mode 100644 filter_paragraph_files_v2/z-233273477.md
 create mode 100644 filter_paragraph_files_v2/z-233305764.md
 create mode 100644 filter_paragraph_files_v2/z-233397048.md
 create mode 100644 filter_paragraph_files_v2/z-233459036.md
 create mode 100644 filter_paragraph_files_v2/z-233459726.md
 create mode 100644 filter_paragraph_files_v2/z-233481730.md
 create mode 100644 filter_paragraph_files_v2/z-233563735.md
 create mode 100644 filter_paragraph_files_v2/z-233652955.md
 create mode 100644 filter_paragraph_files_v2/z-233663271.md
 create mode 100644 filter_paragraph_files_v2/z-233701199.md
 create mode 100644 filter_paragraph_files_v2/z-233818735.md
 create mode 100644 filter_paragraph_files_v2/z-233865798.md
 create mode 100644 filter_paragraph_files_v2/z-233915026.md
 create mode 100644 filter_paragraph_files_v2/z-234029162.md
 create mode 100644 filter_paragraph_files_v2/z-234039669.md
 create mode 100644 filter_paragraph_files_v2/z-234173516.md
 create mode 100644 filter_paragraph_files_v2/z-234211171.md
 create mode 100644 filter_paragraph_files_v2/z-234246455.md
 create mode 100644 filter_paragraph_files_v2/z-234276335.md
 create mode 100644 filter_paragraph_files_v2/z-234303055.md
 create mode 100644 filter_paragraph_files_v2/z-234465714.md
 create mode 100644 filter_paragraph_files_v2/z-234743401.md
 create mode 100644 filter_paragraph_files_v2/z-234767136.md
 create mode 100644 filter_paragraph_files_v2/z-234864496.md
 create mode 100644 filter_paragraph_files_v2/z-234878872.md
 create mode 100644 filter_paragraph_files_v2/z-235197427.md
 create mode 100644 filter_paragraph_files_v2/z-235229529.md
 create mode 100644 filter_paragraph_files_v2/z-235251864.md
 create mode 100644 filter_paragraph_files_v2/z-235298311.md
 create mode 100644 filter_paragraph_files_v2/z-235351899.md
 create mode 100644 filter_paragraph_files_v2/z-235436700.md
 create mode 100644 filter_paragraph_files_v2/z-235441178.md
 create mode 100644 filter_paragraph_files_v2/z-235442463.md
 create mode 100644 filter_paragraph_files_v2/z-235458184.md
 create mode 100644 filter_paragraph_files_v2/z-235487125.md
 create mode 100644 filter_paragraph_files_v2/z-235510937.md
 create mode 100644 filter_paragraph_files_v2/z-235570323.md
 create mode 100644 filter_paragraph_files_v2/z-235596972.md
 create mode 100644 filter_paragraph_files_v2/z-235624588.md
 create mode 100644 filter_paragraph_files_v2/z-235679897.md
 create mode 100644 filter_paragraph_files_v2/z-235725082.md
 create mode 100644 filter_paragraph_files_v2/z-235826036.md
 create mode 100644 filter_paragraph_files_v2/z-235850944.md
 create mode 100644 filter_paragraph_files_v2/z-235998113.md
 create mode 100644 filter_paragraph_files_v2/z-236287719.md
 create mode 100644 filter_paragraph_files_v2/z-236298796.md
 create mode 100644 filter_paragraph_files_v2/z-236425030.md
 create mode 100644 filter_paragraph_files_v2/z-236451912.md
 create mode 100644 filter_paragraph_files_v2/z-236471472.md
 create mode 100644 filter_paragraph_files_v2/z-236521932.md
 create mode 100644 filter_paragraph_files_v2/z-236772553.md
 create mode 100644 filter_paragraph_files_v2/z-236820200.md
 create mode 100644 filter_paragraph_files_v2/z-236950952.md
 create mode 100644 filter_paragraph_files_v2/z-236950954.md
 create mode 100644 filter_paragraph_files_v2/z-237142194.md
 create mode 100644 filter_paragraph_files_v2/z-237204868.md
 create mode 100644 filter_paragraph_files_v2/z-237254844.md
 create mode 100644 filter_paragraph_files_v2/z-237266468.md
 create mode 100644 filter_paragraph_files_v2/z-237291144.md
 create mode 100644 filter_paragraph_files_v2/z-237324218.md
 create mode 100644 filter_paragraph_files_v2/z-237324970.md
 create mode 100644 filter_paragraph_files_v2/z-237326585.md
 create mode 100644 filter_paragraph_files_v2/z-237331527.md
 create mode 100644 filter_paragraph_files_v2/z-237353268.md
 create mode 100644 filter_paragraph_files_v2/z-237422189.md
 create mode 100644 filter_paragraph_files_v2/z-237468825.md
 create mode 100644 filter_paragraph_files_v2/z-237495336.md
 create mode 100644 filter_paragraph_files_v2/z-237532483.md
 create mode 100644 filter_paragraph_files_v2/z-237533368.md
 create mode 100644 filter_paragraph_files_v2/z-237555138.md
 create mode 100644 filter_paragraph_files_v2/z-237571793.md
 create mode 100644 filter_paragraph_files_v2/z-237633856.md
 create mode 100644 filter_paragraph_files_v2/z-237694325.md
 create mode 100644 filter_paragraph_files_v2/z-237706261.md
 create mode 100644 filter_paragraph_files_v2/z-237818779.md
 create mode 100644 filter_paragraph_files_v2/z-237830216.md
 create mode 100644 filter_paragraph_files_v2/z-237840325.md
 create mode 100644 filter_paragraph_files_v2/z-237854390.md
 create mode 100644 filter_paragraph_files_v2/z-237856056.md
 create mode 100644 filter_paragraph_files_v2/z-237861874.md
 create mode 100644 filter_paragraph_files_v2/z-237938241.md
 create mode 100644 filter_paragraph_files_v2/z-237970752.md
 create mode 100644 filter_paragraph_files_v2/z-238104458.md
 create mode 100644 filter_paragraph_files_v2/z-238420091.md
 create mode 100644 filter_paragraph_files_v2/z-238690924.md
 create mode 100644 filter_paragraph_files_v2/z-238740897.md
 create mode 100644 filter_paragraph_files_v2/z-238743383.md
 create mode 100644 filter_paragraph_files_v2/z-238767821.md
 create mode 100644 filter_paragraph_files_v2/z-238804662.md
 create mode 100644 filter_paragraph_files_v2/z-238821472.md
 create mode 100644 filter_paragraph_files_v2/z-238991518.md
 create mode 100644 filter_paragraph_files_v2/z-238995840.md
 create mode 100644 filter_paragraph_files_v2/z-239012900.md
 create mode 100644 filter_paragraph_files_v2/z-239014377.md
 create mode 100644 filter_paragraph_files_v2/z-239016131.md
 create mode 100644 filter_paragraph_files_v2/z-239025417.md
 create mode 100644 filter_paragraph_files_v2/z-239048624.md
 create mode 100644 filter_paragraph_files_v2/z-239059374.md
 create mode 100644 filter_paragraph_files_v2/z-239214453.md
 create mode 100644 filter_paragraph_files_v2/z-239230198.md
 create mode 100644 filter_paragraph_files_v2/z-239281252.md
 create mode 100644 filter_paragraph_files_v2/z-239485947.md
 create mode 100644 filter_paragraph_files_v2/z-239649246.md
 create mode 100644 filter_paragraph_files_v2/z-239682494.md
 create mode 100644 filter_paragraph_files_v2/z-239890800.md
 create mode 100644 filter_paragraph_files_v2/z-240067655.md
 create mode 100644 filter_paragraph_files_v2/z-240157389.md
 create mode 100644 filter_paragraph_files_v2/z-240317464.md
 create mode 100644 filter_paragraph_files_v2/z-240478521.md
 create mode 100644 filter_paragraph_files_v2/z-241048907.md
 create mode 100644 filter_paragraph_files_v2/z-24194201.md
 create mode 100644 filter_paragraph_files_v2/z-242047116.md
 create mode 100644 filter_paragraph_files_v2/z-242372802.md
 create mode 100644 filter_paragraph_files_v2/z-243469487.md
 create mode 100644 filter_paragraph_files_v2/z-243675028.md
 create mode 100644 filter_paragraph_files_v2/z-243785565.md
 create mode 100644 filter_paragraph_files_v2/z-243808611.md
 create mode 100644 filter_paragraph_files_v2/z-243815441.md
 create mode 100644 filter_paragraph_files_v2/z-243842816.md
 create mode 100644 filter_paragraph_files_v2/z-243969478.md
 create mode 100644 filter_paragraph_files_v2/z-244234699.md
 create mode 100644 filter_paragraph_files_v2/z-244602955.md
 create mode 100644 filter_paragraph_files_v2/z-244672203.md
 create mode 100644 filter_paragraph_files_v2/z-244828530.md
 create mode 100644 filter_paragraph_files_v2/z-244830061.md
 create mode 100644 filter_paragraph_files_v2/z-244864324.md
 create mode 100644 filter_paragraph_files_v2/z-244874795.md
 create mode 100644 filter_paragraph_files_v2/z-245161102.md
 create mode 100644 filter_paragraph_files_v2/z-245213230.md
 create mode 100644 filter_paragraph_files_v2/z-245298568.md
 create mode 100644 filter_paragraph_files_v2/z-245335105.md
 create mode 100644 filter_paragraph_files_v2/z-245475343.md
 create mode 100644 filter_paragraph_files_v2/z-245582870.md
 create mode 100644 filter_paragraph_files_v2/z-245603885.md
 create mode 100644 filter_paragraph_files_v2/z-245828796.md
 create mode 100644 filter_paragraph_files_v2/z-245834997.md
 create mode 100644 filter_paragraph_files_v2/z-245837979.md
 create mode 100644 filter_paragraph_files_v2/z-245882693.md
 create mode 100644 filter_paragraph_files_v2/z-245908215.md
 create mode 100644 filter_paragraph_files_v2/z-245998296.md
 create mode 100644 filter_paragraph_files_v2/z-246002062.md
 create mode 100644 filter_paragraph_files_v2/z-246017110.md
 create mode 100644 filter_paragraph_files_v2/z-246171888.md
 create mode 100644 filter_paragraph_files_v2/z-246240861.md
 create mode 100644 filter_paragraph_files_v2/z-246268827.md
 create mode 100644 filter_paragraph_files_v2/z-246329916.md
 create mode 100644 filter_paragraph_files_v2/z-246362549.md
 create mode 100644 filter_paragraph_files_v2/z-246362613.md
 create mode 100644 filter_paragraph_files_v2/z-246482043.md
 create mode 100644 filter_paragraph_files_v2/z-246504833.md
 create mode 100644 filter_paragraph_files_v2/z-246529029.md
 create mode 100644 filter_paragraph_files_v2/z-246575120.md
 create mode 100644 filter_paragraph_files_v2/z-246635842.md
 create mode 100644 filter_paragraph_files_v2/z-246700770.md
 create mode 100644 filter_paragraph_files_v2/z-246884303.md
 create mode 100644 filter_paragraph_files_v2/z-247083479.md
 create mode 100644 filter_paragraph_files_v2/z-247085886.md
 create mode 100644 filter_paragraph_files_v2/z-247113387.md
 create mode 100644 filter_paragraph_files_v2/z-247309838.md
 create mode 100644 filter_paragraph_files_v2/z-247383794.md
 create mode 100644 filter_paragraph_files_v2/z-247387764.md
 create mode 100644 filter_paragraph_files_v2/z-247412575.md
 create mode 100644 filter_paragraph_files_v2/z-247446697.md
 create mode 100644 filter_paragraph_files_v2/z-247457505.md
 create mode 100644 filter_paragraph_files_v2/z-247531762.md
 create mode 100644 filter_paragraph_files_v2/z-247539927.md
 create mode 100644 filter_paragraph_files_v2/z-247569626.md
 create mode 100644 filter_paragraph_files_v2/z-247596914.md
 create mode 100644 filter_paragraph_files_v2/z-247597155.md
 create mode 100644 filter_paragraph_files_v2/z-247682784.md
 create mode 100644 filter_paragraph_files_v2/z-247788304.md
 create mode 100644 filter_paragraph_files_v2/z-247794106.md
 create mode 100644 filter_paragraph_files_v2/z-247867326.md
 create mode 100644 filter_paragraph_files_v2/z-247983782.md
 create mode 100644 filter_paragraph_files_v2/z-248085540.md
 create mode 100644 filter_paragraph_files_v2/z-248173948.md
 create mode 100644 filter_paragraph_files_v2/z-248250920.md
 create mode 100644 filter_paragraph_files_v2/z-248299908.md
 create mode 100644 filter_paragraph_files_v2/z-248366406.md
 create mode 100644 filter_paragraph_files_v2/z-248530069.md
 create mode 100644 filter_paragraph_files_v2/z-248616869.md
 create mode 100644 filter_paragraph_files_v2/z-248918633.md
 create mode 100644 filter_paragraph_files_v2/z-248971567.md
 create mode 100644 filter_paragraph_files_v2/z-248987614.md
 create mode 100644 filter_paragraph_files_v2/z-249062809.md
 create mode 100644 filter_paragraph_files_v2/z-249212288.md
 create mode 100644 filter_paragraph_files_v2/z-249237488.md
 create mode 100644 filter_paragraph_files_v2/z-249626188.md
 create mode 100644 filter_paragraph_files_v2/z-249642175.md
 create mode 100644 filter_paragraph_files_v2/z-249674534.md
 create mode 100644 filter_paragraph_files_v2/z-249675462.md
 create mode 100644 filter_paragraph_files_v2/z-249709872.md
 create mode 100644 filter_paragraph_files_v2/z-249889131.md
 create mode 100644 filter_paragraph_files_v2/z-249889169.md
 create mode 100644 filter_paragraph_files_v2/z-249954099.md
 create mode 100644 filter_paragraph_files_v2/z-250072803.md
 create mode 100644 filter_paragraph_files_v2/z-250144980.md
 create mode 100644 filter_paragraph_files_v2/z-250160666.md
 create mode 100644 filter_paragraph_files_v2/z-250329219.md
 create mode 100644 filter_paragraph_files_v2/z-250627000.md
 create mode 100644 filter_paragraph_files_v2/z-251066965.md
 create mode 100644 filter_paragraph_files_v2/z-251076876.md
 create mode 100644 filter_paragraph_files_v2/z-251139330.md
 create mode 100644 filter_paragraph_files_v2/z-251142047.md
 create mode 100644 filter_paragraph_files_v2/z-251178286.md
 create mode 100644 filter_paragraph_files_v2/z-251314374.md
 create mode 100644 filter_paragraph_files_v2/z-251372418.md
 create mode 100644 filter_paragraph_files_v2/z-251554723.md
 create mode 100644 filter_paragraph_files_v2/z-251558253.md
 create mode 100644 filter_paragraph_files_v2/z-251654604.md
 create mode 100644 filter_paragraph_files_v2/z-251719280.md
 create mode 100644 filter_paragraph_files_v2/z-251754438.md
 create mode 100644 filter_paragraph_files_v2/z-251766994.md
 create mode 100644 filter_paragraph_files_v2/z-251951184.md
 create mode 100644 filter_paragraph_files_v2/z-252143778.md
 create mode 100644 filter_paragraph_files_v2/z-252183113.md
 create mode 100644 filter_paragraph_files_v2/z-252230782.md
 create mode 100644 filter_paragraph_files_v2/z-252239868.md
 create mode 100644 filter_paragraph_files_v2/z-252251088.md
 create mode 100644 filter_paragraph_files_v2/z-252288545.md
 create mode 100644 filter_paragraph_files_v2/z-252408511.md
 create mode 100644 filter_paragraph_files_v2/z-252463854.md
 create mode 100644 filter_paragraph_files_v2/z-252546188.md
 create mode 100644 filter_paragraph_files_v2/z-252558821.md
 create mode 100644 filter_paragraph_files_v2/z-252724722.md
 create mode 100644 filter_paragraph_files_v2/z-25274860.md
 create mode 100644 filter_paragraph_files_v2/z-252760292.md
 create mode 100644 filter_paragraph_files_v2/z-252993007.md
 create mode 100644 filter_paragraph_files_v2/z-253014141.md
 create mode 100644 filter_paragraph_files_v2/z-253028367.md
 create mode 100644 filter_paragraph_files_v2/z-253112363.md
 create mode 100644 filter_paragraph_files_v2/z-253397510.md
 create mode 100644 filter_paragraph_files_v2/z-253425568.md
 create mode 100644 filter_paragraph_files_v2/z-253447399.md
 create mode 100644 filter_paragraph_files_v2/z-253482267.md
 create mode 100644 filter_paragraph_files_v2/z-253499424.md
 create mode 100644 filter_paragraph_files_v2/z-253538941.md
 create mode 100644 filter_paragraph_files_v2/z-253598601.md
 create mode 100644 filter_paragraph_files_v2/z-253598833.md
 create mode 100644 filter_paragraph_files_v2/z-253667392.md
 create mode 100644 filter_paragraph_files_v2/z-253783401.md
 create mode 100644 filter_paragraph_files_v2/z-254096119.md
 create mode 100644 filter_paragraph_files_v2/z-254113548.md
 create mode 100644 filter_paragraph_files_v2/z-254247979.md
 create mode 100644 filter_paragraph_files_v2/z-254295613.md
 create mode 100644 filter_paragraph_files_v2/z-254408864.md
 create mode 100644 filter_paragraph_files_v2/z-254438398.md
 create mode 100644 filter_paragraph_files_v2/z-254707896.md
 create mode 100644 filter_paragraph_files_v2/z-254784660.md
 create mode 100644 filter_paragraph_files_v2/z-254876361.md
 create mode 100644 filter_paragraph_files_v2/z-254925099.md
 create mode 100644 filter_paragraph_files_v2/z-254974044.md
 create mode 100644 filter_paragraph_files_v2/z-255001988.md
 create mode 100644 filter_paragraph_files_v2/z-255024417.md
 create mode 100644 filter_paragraph_files_v2/z-255215666.md
 create mode 100644 filter_paragraph_files_v2/z-255226022.md
 create mode 100644 filter_paragraph_files_v2/z-255246438.md
 create mode 100644 filter_paragraph_files_v2/z-255250581.md
 create mode 100644 filter_paragraph_files_v2/z-255254256.md
 create mode 100644 filter_paragraph_files_v2/z-255314963.md
 create mode 100644 filter_paragraph_files_v2/z-255321062.md
 create mode 100644 filter_paragraph_files_v2/z-255328855.md
 create mode 100644 filter_paragraph_files_v2/z-255335223.md
 create mode 100644 filter_paragraph_files_v2/z-255521564.md
 create mode 100644 filter_paragraph_files_v2/z-255547504.md
 create mode 100644 filter_paragraph_files_v2/z-255568744.md
 create mode 100644 filter_paragraph_files_v2/z-255592218.md
 create mode 100644 filter_paragraph_files_v2/z-255847526.md
 create mode 100644 filter_paragraph_files_v2/z-255867025.md
 create mode 100644 filter_paragraph_files_v2/z-255942153.md
 create mode 100644 filter_paragraph_files_v2/z-255946744.md
 create mode 100644 filter_paragraph_files_v2/z-255948967.md
 create mode 100644 filter_paragraph_files_v2/z-255986670.md
 create mode 100644 filter_paragraph_files_v2/z-255988694.md
 create mode 100644 filter_paragraph_files_v2/z-255998716.md
 create mode 100644 filter_paragraph_files_v2/z-256175348.md
 create mode 100644 filter_paragraph_files_v2/z-256293869.md
 create mode 100644 filter_paragraph_files_v2/z-256320630.md
 create mode 100644 filter_paragraph_files_v2/z-256337222.md
 create mode 100644 filter_paragraph_files_v2/z-256398614.md
 create mode 100644 filter_paragraph_files_v2/z-256424256.md
 create mode 100644 filter_paragraph_files_v2/z-256452672.md
 create mode 100644 filter_paragraph_files_v2/z-256461385.md
 create mode 100644 filter_paragraph_files_v2/z-256478111.md
 create mode 100644 filter_paragraph_files_v2/z-256495808.md
 create mode 100644 filter_paragraph_files_v2/z-256577100.md
 create mode 100644 filter_paragraph_files_v2/z-256627454.md
 create mode 100644 filter_paragraph_files_v2/z-256690138.md
 create mode 100644 filter_paragraph_files_v2/z-256897969.md
 create mode 100644 filter_paragraph_files_v2/z-256900869.md
 create mode 100644 filter_paragraph_files_v2/z-256966763.md
 create mode 100644 filter_paragraph_files_v2/z-257017070.md
 create mode 100644 filter_paragraph_files_v2/z-257120179.md
 create mode 100644 filter_paragraph_files_v2/z-257146710.md
 create mode 100644 filter_paragraph_files_v2/z-257163313.md
 create mode 100644 filter_paragraph_files_v2/z-257194435.md
 create mode 100644 filter_paragraph_files_v2/z-257220323.md
 create mode 100644 filter_paragraph_files_v2/z-257231260.md
 create mode 100644 filter_paragraph_files_v2/z-257252976.md
 create mode 100644 filter_paragraph_files_v2/z-257255572.md
 create mode 100644 filter_paragraph_files_v2/z-257281526.md
 create mode 100644 filter_paragraph_files_v2/z-257355121.md
 create mode 100644 filter_paragraph_files_v2/z-257360968.md
 create mode 100644 filter_paragraph_files_v2/z-257363402.md
 create mode 100644 filter_paragraph_files_v2/z-257383922.md
 create mode 100644 filter_paragraph_files_v2/z-257425673.md
 create mode 100644 filter_paragraph_files_v2/z-257450006.md
 create mode 100644 filter_paragraph_files_v2/z-257482338.md
 create mode 100644 filter_paragraph_files_v2/z-257510910.md
 create mode 100644 filter_paragraph_files_v2/z-257516941.md
 create mode 100644 filter_paragraph_files_v2/z-257551757.md
 create mode 100644 filter_paragraph_files_v2/z-257560542.md
 create mode 100644 filter_paragraph_files_v2/z-257637133.md
 create mode 100644 filter_paragraph_files_v2/z-257650379.md
 create mode 100644 filter_paragraph_files_v2/z-257676480.md
 create mode 100644 filter_paragraph_files_v2/z-257694895.md
 create mode 100644 filter_paragraph_files_v2/z-257822196.md
 create mode 100644 filter_paragraph_files_v2/z-257851880.md
 create mode 100644 filter_paragraph_files_v2/z-257913812.md
 create mode 100644 filter_paragraph_files_v2/z-258048760.md
 create mode 100644 filter_paragraph_files_v2/z-258051501.md
 create mode 100644 filter_paragraph_files_v2/z-258167616.md
 create mode 100644 filter_paragraph_files_v2/z-258172040.md
 create mode 100644 filter_paragraph_files_v2/z-258227879.md
 create mode 100644 filter_paragraph_files_v2/z-258241337.md
 create mode 100644 filter_paragraph_files_v2/z-258254576.md
 create mode 100644 filter_paragraph_files_v2/z-258326519.md
 create mode 100644 filter_paragraph_files_v2/z-258327921.md
 create mode 100644 filter_paragraph_files_v2/z-258331833.md
 create mode 100644 filter_paragraph_files_v2/z-258461477.md
 create mode 100644 filter_paragraph_files_v2/z-258466620.md
 create mode 100644 filter_paragraph_files_v2/z-258500099.md
 create mode 100644 filter_paragraph_files_v2/z-258506400.md
 create mode 100644 filter_paragraph_files_v2/z-258519220.md
 create mode 100644 filter_paragraph_files_v2/z-258532551.md
 create mode 100644 filter_paragraph_files_v2/z-258546177.md
 create mode 100644 filter_paragraph_files_v2/z-258564828.md
 create mode 100644 filter_paragraph_files_v2/z-258565648.md
 create mode 100644 filter_paragraph_files_v2/z-258619536.md
 create mode 100644 filter_paragraph_files_v2/z-258677712.md
 create mode 100644 filter_paragraph_files_v2/z-258701847.md
 create mode 100644 filter_paragraph_files_v2/z-258793316.md
 create mode 100644 filter_paragraph_files_v2/z-258798939.md
 create mode 100644 filter_paragraph_files_v2/z-258823036.md
 create mode 100644 filter_paragraph_files_v2/z-258833368.md
 create mode 100644 filter_paragraph_files_v2/z-258867478.md
 create mode 100644 filter_paragraph_files_v2/z-258931224.md
 create mode 100644 filter_paragraph_files_v2/z-258951403.md
 create mode 100644 filter_paragraph_files_v2/z-258974619.md
 create mode 100644 filter_paragraph_files_v2/z-259089180.md
 create mode 100644 filter_paragraph_files_v2/z-259089906.md
 create mode 100644 filter_paragraph_files_v2/z-259095212.md
 create mode 100644 filter_paragraph_files_v2/z-259129651.md
 create mode 100644 filter_paragraph_files_v2/z-259157357.md
 create mode 100644 filter_paragraph_files_v2/z-259161573.md
 create mode 100644 filter_paragraph_files_v2/z-259242361.md
 create mode 100644 filter_paragraph_files_v2/z-259261087.md
 create mode 100644 filter_paragraph_files_v2/z-259480052.md
 create mode 100644 filter_paragraph_files_v2/z-259515885.md
 create mode 100644 filter_paragraph_files_v2/z-259572488.md
 create mode 100644 filter_paragraph_files_v2/z-259592928.md
 create mode 100644 filter_paragraph_files_v2/z-259593497.md
 create mode 100644 filter_paragraph_files_v2/z-259616021.md
 create mode 100644 filter_paragraph_files_v2/z-259710410.md
 create mode 100644 filter_paragraph_files_v2/z-259715014.md
 create mode 100644 filter_paragraph_files_v2/z-259762416.md
 create mode 100644 filter_paragraph_files_v2/z-260027043.md
 create mode 100644 filter_paragraph_files_v2/z-260035251.md
 create mode 100644 filter_paragraph_files_v2/z-260181854.md
 create mode 100644 filter_paragraph_files_v2/z-260322891.md
 create mode 100644 filter_paragraph_files_v2/z-260555102.md
 create mode 100644 filter_paragraph_files_v2/z-260637756.md
 create mode 100644 filter_paragraph_files_v2/z-260671013.md
 create mode 100644 filter_paragraph_files_v2/z-260681268.md
 create mode 100644 filter_paragraph_files_v2/z-260756892.md
 create mode 100644 filter_paragraph_files_v2/z-260999075.md
 create mode 100644 filter_paragraph_files_v2/z-261011472.md
 create mode 100644 filter_paragraph_files_v2/z-261158664.md
 create mode 100644 filter_paragraph_files_v2/z-261234016.md
 create mode 100644 filter_paragraph_files_v2/z-261243890.md
 create mode 100644 filter_paragraph_files_v2/z-261413770.md
 create mode 100644 filter_paragraph_files_v2/z-261441075.md
 create mode 100644 filter_paragraph_files_v2/z-261539442.md
 create mode 100644 filter_paragraph_files_v2/z-261556958.md
 create mode 100644 filter_paragraph_files_v2/z-261603584.md
 create mode 100644 filter_paragraph_files_v2/z-261773797.md
 create mode 100644 filter_paragraph_files_v2/z-261914603.md
 create mode 100644 filter_paragraph_files_v2/z-261926555.md
 create mode 100644 filter_paragraph_files_v2/z-261994723.md
 create mode 100644 filter_paragraph_files_v2/z-262048845.md
 create mode 100644 filter_paragraph_files_v2/z-262050515.md
 create mode 100644 filter_paragraph_files_v2/z-2622726.md
 create mode 100644 filter_paragraph_files_v2/z-262901324.md
 create mode 100644 filter_paragraph_files_v2/z-263246108.md
 create mode 100644 filter_paragraph_files_v2/z-263310810.md
 create mode 100644 filter_paragraph_files_v2/z-263311853.md
 create mode 100644 filter_paragraph_files_v2/z-263618432.md
 create mode 100644 filter_paragraph_files_v2/z-263672076.md
 create mode 100644 filter_paragraph_files_v2/z-263743149.md
 create mode 100644 filter_paragraph_files_v2/z-263790257.md
 create mode 100644 filter_paragraph_files_v2/z-263830775.md
 create mode 100644 filter_paragraph_files_v2/z-264170999.md
 create mode 100644 filter_paragraph_files_v2/z-264286905.md
 create mode 100644 filter_paragraph_files_v2/z-264297555.md
 create mode 100644 filter_paragraph_files_v2/z-264460025.md
 create mode 100644 filter_paragraph_files_v2/z-264567044.md
 create mode 100644 filter_paragraph_files_v2/z-264662047.md
 create mode 100644 filter_paragraph_files_v2/z-264901429.md
 create mode 100644 filter_paragraph_files_v2/z-264990982.md
 create mode 100644 filter_paragraph_files_v2/z-265006249.md
 create mode 100644 filter_paragraph_files_v2/z-265028394.md
 create mode 100644 filter_paragraph_files_v2/z-265114300.md
 create mode 100644 filter_paragraph_files_v2/z-265185614.md
 create mode 100644 filter_paragraph_files_v2/z-265206302.md
 create mode 100644 filter_paragraph_files_v2/z-265400074.md
 create mode 100644 filter_paragraph_files_v2/z-265448298.md
 create mode 100644 filter_paragraph_files_v2/z-265468840.md
 create mode 100644 filter_paragraph_files_v2/z-265479344.md
 create mode 100644 filter_paragraph_files_v2/z-265515860.md
 create mode 100644 filter_paragraph_files_v2/z-265635913.md
 create mode 100644 filter_paragraph_files_v2/z-265928847.md
 create mode 100644 filter_paragraph_files_v2/z-265975800.md
 create mode 100644 filter_paragraph_files_v2/z-266216825.md
 create mode 100644 filter_paragraph_files_v2/z-266241515.md
 create mode 100644 filter_paragraph_files_v2/z-266301189.md
 create mode 100644 filter_paragraph_files_v2/z-266405467.md
 create mode 100644 filter_paragraph_files_v2/z-266588842.md
 create mode 100644 filter_paragraph_files_v2/z-2678576.md
 create mode 100644 filter_paragraph_files_v2/z-26875402.md
 create mode 100644 filter_paragraph_files_v2/z-27737802.md
 create mode 100644 filter_paragraph_files_v2/z-28040656.md
 create mode 100644 filter_paragraph_files_v2/z-28523414.md
 create mode 100644 filter_paragraph_files_v2/z-29160171.md
 create mode 100644 filter_paragraph_files_v2/z-2925549.md
 create mode 100644 filter_paragraph_files_v2/z-3083025.md
 create mode 100644 filter_paragraph_files_v2/z-32235281.md
 create mode 100644 filter_paragraph_files_v2/z-33696521.md
 create mode 100644 filter_paragraph_files_v2/z-3419907.md
 create mode 100644 filter_paragraph_files_v2/z-34320905.md
 create mode 100644 filter_paragraph_files_v2/z-3578825.md
 create mode 100644 filter_paragraph_files_v2/z-36995051.md
 create mode 100644 filter_paragraph_files_v2/z-37080419.md
 create mode 100644 filter_paragraph_files_v2/z-3743666.md
 create mode 100644 filter_paragraph_files_v2/z-37526038.md
 create mode 100644 filter_paragraph_files_v2/z-38352630.md
 create mode 100644 filter_paragraph_files_v2/z-38581510.md
 create mode 100644 filter_paragraph_files_v2/z-38583013.md
 create mode 100644 filter_paragraph_files_v2/z-40342612.md
 create mode 100644 filter_paragraph_files_v2/z-42007454.md
 create mode 100644 filter_paragraph_files_v2/z-43996751.md
 create mode 100644 filter_paragraph_files_v2/z-44099186.md
 create mode 100644 filter_paragraph_files_v2/z-4646590.md
 create mode 100644 filter_paragraph_files_v2/z-46929501.md
 create mode 100644 filter_paragraph_files_v2/z-4734787.md
 create mode 100644 filter_paragraph_files_v2/z-4787226.md
 create mode 100644 filter_paragraph_files_v2/z-4811601.md
 create mode 100644 filter_paragraph_files_v2/z-49272755.md
 create mode 100644 filter_paragraph_files_v2/z-49428358.md
 create mode 100644 filter_paragraph_files_v2/z-4947258.md
 create mode 100644 filter_paragraph_files_v2/z-49574897.md
 create mode 100644 filter_paragraph_files_v2/z-5034390.md
 create mode 100644 filter_paragraph_files_v2/z-5058880.md
 create mode 100644 filter_paragraph_files_v2/z-51704154.md
 create mode 100644 filter_paragraph_files_v2/z-51863426.md
 create mode 100644 filter_paragraph_files_v2/z-51956672.md
 create mode 100644 filter_paragraph_files_v2/z-52206985.md
 create mode 100644 filter_paragraph_files_v2/z-52258979.md
 create mode 100644 filter_paragraph_files_v2/z-52266560.md
 create mode 100644 filter_paragraph_files_v2/z-52828534.md
 create mode 100644 filter_paragraph_files_v2/z-52923138.md
 create mode 100644 filter_paragraph_files_v2/z-53034157.md
 create mode 100644 filter_paragraph_files_v2/z-53086247.md
 create mode 100644 filter_paragraph_files_v2/z-53433206.md
 create mode 100644 filter_paragraph_files_v2/z-53689074.md
 create mode 100644 filter_paragraph_files_v2/z-53719351.md
 create mode 100644 filter_paragraph_files_v2/z-53980141.md
 create mode 100644 filter_paragraph_files_v2/z-54519119.md
 create mode 100644 filter_paragraph_files_v2/z-54673149.md
 create mode 100644 filter_paragraph_files_v2/z-55422957.md
 create mode 100644 filter_paragraph_files_v2/z-5609932.md
 create mode 100644 filter_paragraph_files_v2/z-5664472.md
 create mode 100644 filter_paragraph_files_v2/z-56657817.md
 create mode 100644 filter_paragraph_files_v2/z-57666310.md
 create mode 100644 filter_paragraph_files_v2/z-57998150.md
 create mode 100644 filter_paragraph_files_v2/z-58539316.md
 create mode 100644 filter_paragraph_files_v2/z-58600560.md
 create mode 100644 filter_paragraph_files_v2/z-58615938.md
 create mode 100644 filter_paragraph_files_v2/z-59033139.md
 create mode 100644 filter_paragraph_files_v2/z-59141480.md
 create mode 100644 filter_paragraph_files_v2/z-59607160.md
 create mode 100644 filter_paragraph_files_v2/z-61192667.md
 create mode 100644 filter_paragraph_files_v2/z-6265554.md
 create mode 100644 filter_paragraph_files_v2/z-62901523.md
 create mode 100644 filter_paragraph_files_v2/z-6307377.md
 create mode 100644 filter_paragraph_files_v2/z-6377032.md
 create mode 100644 filter_paragraph_files_v2/z-65012249.md
 create mode 100644 filter_paragraph_files_v2/z-67152282.md
 create mode 100644 filter_paragraph_files_v2/z-67861972.md
 create mode 100644 filter_paragraph_files_v2/z-6793632.md
 create mode 100644 filter_paragraph_files_v2/z-6942921.md
 create mode 100644 filter_paragraph_files_v2/z-73447516.md
 create mode 100644 filter_paragraph_files_v2/z-73475704.md
 create mode 100644 filter_paragraph_files_v2/z-73598651.md
 create mode 100644 filter_paragraph_files_v2/z-73720241.md
 create mode 100644 filter_paragraph_files_v2/z-7470107.md
 create mode 100644 filter_paragraph_files_v2/z-7521032.md
 create mode 100644 filter_paragraph_files_v2/z-76664104.md
 create mode 100644 filter_paragraph_files_v2/z-78092056.md
 create mode 100644 filter_paragraph_files_v2/z-7810093.md
 create mode 100644 filter_paragraph_files_v2/z-7868603.md
 create mode 100644 filter_paragraph_files_v2/z-7896027.md
 create mode 100644 filter_paragraph_files_v2/z-80626621.md
 create mode 100644 filter_paragraph_files_v2/z-81621566.md
 create mode 100644 filter_paragraph_files_v2/z-8440815.md
 create mode 100644 filter_paragraph_files_v2/z-85555804.md
 create mode 100644 filter_paragraph_files_v2/z-8589534.md
 create mode 100644 filter_paragraph_files_v2/z-86679729.md
 create mode 100644 filter_paragraph_files_v2/z-86714171.md
 create mode 100644 filter_paragraph_files_v2/z-90212387.md
 create mode 100644 filter_paragraph_files_v2/z-90806994.md
 create mode 100644 filter_paragraph_files_v2/z-9478023.md
 create mode 100644 filter_paragraph_files_v2/z-9531109.md
